0 info it worked if it ends with ok
1 verbose cli [ '/usr/bin/node', '/usr/bin/npm', 'run', 'react-dev' ]
2 info using npm@3.5.2
3 info using node@v6.11.4
4 verbose run-script [ 'prereact-dev', 'react-dev', 'postreact-dev' ]
5 info lifecycle gosports@1.0.0~prereact-dev: gosports@1.0.0
6 silly lifecycle gosports@1.0.0~prereact-dev: no script for prereact-dev, continuing
7 info lifecycle gosports@1.0.0~react-dev: gosports@1.0.0
8 verbose lifecycle gosports@1.0.0~react-dev: unsafe-perm in lifecycle true
9 verbose lifecycle gosports@1.0.0~react-dev: PATH: /usr/share/npm/bin/node-gyp-bin:/home/eduardourrutia/Desktop/mvp/node_modules/.bin:/usr/local/sbin:/usr/local/bin:/usr/sbin:/usr/bin:/sbin:/bin:/usr/games:/usr/local/games:/snap/bin
10 verbose lifecycle gosports@1.0.0~react-dev: CWD: /home/eduardourrutia/Desktop/mvp
11 silly lifecycle gosports@1.0.0~react-dev: Args: [ '-c', 'webpack -d --watch' ]
12 silly lifecycle gosports@1.0.0~react-dev: Returned: code: 255  signal: null
13 info lifecycle gosports@1.0.0~react-dev: Failed to exec react-dev script
14 verbose stack Error: gosports@1.0.0 react-dev: `webpack -d --watch`
14 verbose stack Exit status 255
14 verbose stack     at EventEmitter.<anonymous> (/usr/share/npm/lib/utils/lifecycle.js:232:16)
14 verbose stack     at emitTwo (events.js:106:13)
14 verbose stack     at EventEmitter.emit (events.js:191:7)
14 verbose stack     at ChildProcess.<anonymous> (/usr/share/npm/lib/utils/spawn.js:24:14)
14 verbose stack     at emitTwo (events.js:106:13)
14 verbose stack     at ChildProcess.emit (events.js:191:7)
14 verbose stack     at maybeClose (internal/child_process.js:920:16)
14 verbose stack     at Process.ChildProcess._handle.onexit (internal/child_process.js:230:5)
15 verbose pkgid gosports@1.0.0
16 verbose cwd /home/eduardourrutia/Desktop/mvp
17 error Linux 4.13.0-32-generic
18 error argv "/usr/bin/node" "/usr/bin/npm" "run" "react-dev"
19 error node v6.11.4
20 error npm  v3.5.2
21 error code ELIFECYCLE
22 error gosports@1.0.0 react-dev: `webpack -d --watch`
22 error Exit status 255
23 error Failed at the gosports@1.0.0 react-dev script 'webpack -d --watch'.
23 error Make sure you have the latest version of node.js and npm installed.
23 error If you do, this is most likely a problem with the gosports package,
23 error not with npm itself.
23 error Tell the author that this fails on your system:
23 error     webpack -d --watch
23 error You can get information on how to open an issue for this project with:
23 error     npm bugs gosports
23 error Or if that isn't available, you can get their info via:
23 error     npm owner ls gosports
23 error There is likely additional logging output above.
24 verbose exit [ 1, true ]
